------------------------------------------------------------------------------------------------------------------------

[2021-05-12 22:13:07 #1 server] 
Server on port 6136 has started by 13172@DESKTOP-0JFK0DJ

[2021-05-12 22:14:19 #2 store] 
Database 'C:\Users\Unai\git\Bet_Ruin\Bets\resources\db\bets.temp' is opened by 13172@DESKTOP-0JFK0DJ

[2021-05-12 22:14:19 #3 store] 
Configuration path: ?

[2021-05-12 22:14:21 #4 store] 
Database 'C:\Users\Unai\git\Bet_Ruin\Bets\resources\db\bets.temp' is closed by 13172@DESKTOP-0JFK0DJ

[2021-05-12 22:14:47 #5 server] 
Server on port 6136 has stopped by 13172@DESKTOP-0JFK0DJ

------------------------------------------------------------------------------------------------------------------------

[2021-05-12 22:17:45 #1 server] 
Server on port 6136 has started by 20976@DESKTOP-0JFK0DJ

[2021-05-12 22:17:53 #2 store] 
Database 'C:\Users\Unai\git\Bet_Ruin\Bets\resources\db\bets.temp' is opened by 20976@DESKTOP-0JFK0DJ

[2021-05-12 22:17:53 #3 store] 
Configuration path: ?

[2021-05-12 22:17:54 #4 store] 
Database 'C:\Users\Unai\git\Bet_Ruin\Bets\resources\db\bets.temp' is closed by 20976@DESKTOP-0JFK0DJ

[2021-05-12 22:19:06 #5 server] 
Server on port 6136 has stopped by 20976@DESKTOP-0JFK0DJ

------------------------------------------------------------------------------------------------------------------------

[2021-05-12 22:20:45 #1 server] 
Server on port 6136 has started by 17992@DESKTOP-0JFK0DJ

[2021-05-12 22:20:48 #2 store] 
Database 'C:\Users\Unai\git\Bet_Ruin\Bets\resources\db\bets.temp' is opened by 17992@DESKTOP-0JFK0DJ

[2021-05-12 22:20:48 #3 store] 
Configuration path: ?

[2021-05-12 22:20:49 #4 store] 
Database 'C:\Users\Unai\git\Bet_Ruin\Bets\resources\db\bets.temp' is closed by 17992@DESKTOP-0JFK0DJ

