------------------------------------------------------------------------------------------------------------------------

[2021-02-28 20:37:19 #1 store] 
Database 'C:\Users\Barbara\git\Bet_Ruin\Bets\bets.temp' is opened by 11564@DESKTOP-VOIUGT4

[2021-02-28 20:37:19 #2 store] 
Configuration path: ?

[2021-02-28 20:37:20 #3 type] 
Type domain.Question is not enhanced.

[2021-02-28 20:37:20 #4 type] 
Type domain.Event is not enhanced.

------------------------------------------------------------------------------------------------------------------------

[2021-02-28 20:40:45 #1 store] 
Database 'C:\Users\Barbara\git\Bet_Ruin\Bets\bets.temp' is opened by 700@DESKTOP-VOIUGT4

[2021-02-28 20:40:45 #2 store] 
Configuration path: ?

[2021-02-28 20:40:45 #3 type] 
Type domain.Question is not enhanced.

[2021-02-28 20:40:45 #4 type] 
Type domain.Event is not enhanced.

------------------------------------------------------------------------------------------------------------------------

[2021-02-28 20:40:50 #1 store] 
Database 'C:\Users\Barbara\git\Bet_Ruin\Bets\bets.temp' is opened by 10372@DESKTOP-VOIUGT4

[2021-02-28 20:40:50 #2 store] 
Configuration path: ?

[2021-02-28 20:40:50 #3 type] 
Type domain.Question is not enhanced.

[2021-02-28 20:40:50 #4 type] 
Type domain.Event is not enhanced.

------------------------------------------------------------------------------------------------------------------------

[2021-02-28 20:47:01 #1 store] 
Database 'C:\Users\Barbara\git\Bet_Ruin\Bets\bets.temp' is opened by 9596@DESKTOP-VOIUGT4

[2021-02-28 20:47:01 #2 store] 
Configuration path: ?

[2021-02-28 20:47:01 #3 type] 
Type domain.Question is not enhanced.

[2021-02-28 20:47:01 #4 type] 
Type domain.Event is not enhanced.

------------------------------------------------------------------------------------------------------------------------

[2021-02-28 20:47:33 #1 store] 
Database 'C:\Users\Barbara\git\Bet_Ruin\Bets\bets.temp' is opened by 9624@DESKTOP-VOIUGT4

[2021-02-28 20:47:33 #2 store] 
Configuration path: ?

[2021-02-28 20:47:33 #3 type] 
Type domain.Question is not enhanced.

[2021-02-28 20:47:33 #4 type] 
Type domain.Event is not enhanced.

------------------------------------------------------------------------------------------------------------------------

[2021-02-28 20:48:50 #1 store] 
Database 'C:\Users\Barbara\git\Bet_Ruin\Bets\bets.temp' is opened by 13568@DESKTOP-VOIUGT4

[2021-02-28 20:48:50 #2 store] 
Configuration path: ?

[2021-02-28 20:48:50 #3 type] 
Type domain.Question is not enhanced.

[2021-02-28 20:48:50 #4 type] 
Type domain.Event is not enhanced.

------------------------------------------------------------------------------------------------------------------------

[2021-02-28 20:54:39 #1 store] 
Database 'C:\Users\Barbara\git\Bet_Ruin\Bets\bets.temp' is opened by 11192@DESKTOP-VOIUGT4

[2021-02-28 20:54:39 #2 store] 
Configuration path: ?

[2021-02-28 20:54:40 #3 type] 
Type domain.Question is not enhanced.

[2021-02-28 20:54:40 #4 type] 
Type domain.Event is not enhanced.

