------------------------------------------------------------------------------------------------------------------------

[2021-03-01 15:07:50 #1 store] 
Database 'C:\Users\Barbara\git\Bet_Ruin\Bets\bets.temp' is opened by 8244@DESKTOP-VOIUGT4

[2021-03-01 15:07:50 #2 store] 
Configuration path: ?

[2021-03-01 15:07:50 #3 type] 
Type domain.Question is not enhanced.

[2021-03-01 15:07:50 #4 type] 
Type domain.Event is not enhanced.

------------------------------------------------------------------------------------------------------------------------

[2021-03-01 15:08:44 #1 store] 
Database 'C:\Users\Barbara\git\Bet_Ruin\Bets\bets.temp' has been recovered (tr. 1-5)

[2021-03-01 15:08:44 #2 store] 
Database 'C:\Users\Barbara\git\Bet_Ruin\Bets\bets.temp' is opened by 6160@DESKTOP-VOIUGT4

[2021-03-01 15:08:44 #3 store] 
Configuration path: ?

[2021-03-01 15:08:44 #4 type] 
Type domain.Question is not enhanced.

[2021-03-01 15:08:44 #5 type] 
Type domain.Event is not enhanced.

[2021-03-01 15:08:57 #6 type] 
Type domain.User is not enhanced.

------------------------------------------------------------------------------------------------------------------------

[2021-03-01 15:15:53 #1 store] 
Database 'C:\Users\Barbara\git\Bet_Ruin\Bets\bets.temp' has been recovered (tr. 6-7)

[2021-03-01 15:15:53 #2 store] 
Database 'C:\Users\Barbara\git\Bet_Ruin\Bets\bets.temp' is opened by 3504@DESKTOP-VOIUGT4

[2021-03-01 15:15:53 #3 store] 
Configuration path: ?

[2021-03-01 15:15:53 #4 type] 
Type domain.Question is not enhanced.

[2021-03-01 15:15:53 #5 type] 
Type domain.Event is not enhanced.

[2021-03-01 15:15:53 #6 type] 
Type domain.User is not enhanced.

------------------------------------------------------------------------------------------------------------------------

[2021-03-01 15:18:35 #1 store] 
Database 'C:\Users\Barbara\git\Bet_Ruin\Bets\bets.temp' has been recovered (tr. 8-8)

[2021-03-01 15:18:35 #2 store] 
Database 'C:\Users\Barbara\git\Bet_Ruin\Bets\bets.temp' is opened by 9664@DESKTOP-VOIUGT4

[2021-03-01 15:18:35 #3 store] 
Configuration path: ?

[2021-03-01 15:18:36 #4 type] 
Type domain.Question is not enhanced.

[2021-03-01 15:18:36 #5 type] 
Type domain.Event is not enhanced.

[2021-03-01 15:18:36 #6 type] 
Type domain.User is not enhanced.

------------------------------------------------------------------------------------------------------------------------

[2021-03-01 15:19:01 #1 store] 
Database 'C:\Users\Barbara\git\Bet_Ruin\Bets\bets.temp' is opened by 11268@DESKTOP-VOIUGT4

[2021-03-01 15:19:01 #2 store] 
Configuration path: ?

[2021-03-01 15:19:01 #3 type] 
Type domain.Question is not enhanced.

[2021-03-01 15:19:01 #4 type] 
Type domain.Event is not enhanced.

[2021-03-01 15:19:01 #5 type] 
Type domain.User is not enhanced.

------------------------------------------------------------------------------------------------------------------------

[2021-03-01 15:20:53 #1 store] 
Database 'C:\Users\Barbara\git\Bet_Ruin\Bets\bets.temp' is opened by 688@DESKTOP-VOIUGT4

[2021-03-01 15:20:53 #2 store] 
Configuration path: ?

[2021-03-01 15:20:54 #3 type] 
Type domain.Question is not enhanced.

[2021-03-01 15:20:54 #4 type] 
Type domain.Event is not enhanced.

[2021-03-01 15:20:54 #5 type] 
Type domain.User is not enhanced.

------------------------------------------------------------------------------------------------------------------------

[2021-03-01 15:23:58 #1 store] 
Database 'C:\Users\Barbara\git\Bet_Ruin\Bets\bets.temp' is opened by 2312@DESKTOP-VOIUGT4

[2021-03-01 15:23:58 #2 store] 
Configuration path: ?

[2021-03-01 15:23:58 #3 type] 
Type domain.Question is not enhanced.

[2021-03-01 15:23:58 #4 type] 
Type domain.Event is not enhanced.

[2021-03-01 15:23:58 #5 type] 
Type domain.User is not enhanced.

------------------------------------------------------------------------------------------------------------------------

[2021-03-01 15:24:17 #1 store] 
Database 'C:\Users\Barbara\git\Bet_Ruin\Bets\bets.temp' is opened by 12612@DESKTOP-VOIUGT4

[2021-03-01 15:24:17 #2 store] 
Configuration path: ?

[2021-03-01 15:24:18 #3 type] 
Type domain.Question is not enhanced.

[2021-03-01 15:24:18 #4 type] 
Type domain.Event is not enhanced.

[2021-03-01 15:24:18 #5 type] 
Type domain.User is not enhanced.

------------------------------------------------------------------------------------------------------------------------

[2021-03-01 15:48:32 #1 store] 
Database 'C:\Users\Barbara\git\Bet_Ruin\Bets\bets.temp' is opened by 1688@DESKTOP-VOIUGT4

[2021-03-01 15:48:32 #2 store] 
Configuration path: ?

[2021-03-01 15:48:32 #3 type] 
Type domain.Question is not enhanced.

[2021-03-01 15:48:32 #4 type] 
Type domain.Event is not enhanced.

[2021-03-01 15:48:32 #5 type] 
Type domain.User is not enhanced.

------------------------------------------------------------------------------------------------------------------------

[2021-03-01 15:50:22 #1 store] 
Database 'C:\Users\Barbara\git\Bet_Ruin\Bets\bets.temp' is opened by 12452@DESKTOP-VOIUGT4

[2021-03-01 15:50:22 #2 store] 
Configuration path: ?

[2021-03-01 15:50:22 #3 type] 
Type domain.Question is not enhanced.

[2021-03-01 15:50:22 #4 type] 
Type domain.Event is not enhanced.

[2021-03-01 15:50:22 #5 type] 
Type domain.User is not enhanced.

------------------------------------------------------------------------------------------------------------------------

[2021-03-01 15:51:02 #1 store] 
Database 'C:\Users\Barbara\git\Bet_Ruin\Bets\bets.temp' is opened by 880@DESKTOP-VOIUGT4

[2021-03-01 15:51:02 #2 store] 
Configuration path: ?

[2021-03-01 15:51:02 #3 type] 
Type domain.Question is not enhanced.

[2021-03-01 15:51:02 #4 type] 
Type domain.Event is not enhanced.

[2021-03-01 15:51:02 #5 type] 
Type domain.User is not enhanced.

------------------------------------------------------------------------------------------------------------------------

[2021-03-01 15:51:39 #1 store] 
Database 'C:\Users\Barbara\git\Bet_Ruin\Bets\bets.temp' is opened by 10212@DESKTOP-VOIUGT4

[2021-03-01 15:51:39 #2 store] 
Configuration path: ?

[2021-03-01 15:51:39 #3 type] 
Type domain.Question is not enhanced.

[2021-03-01 15:51:39 #4 type] 
Type domain.Event is not enhanced.

[2021-03-01 15:51:39 #5 type] 
Type domain.User is not enhanced.

------------------------------------------------------------------------------------------------------------------------

[2021-03-01 15:52:40 #1 store] 
Database 'C:\Users\Barbara\git\Bet_Ruin\Bets\bets.temp' is opened by 8212@DESKTOP-VOIUGT4

[2021-03-01 15:52:40 #2 store] 
Configuration path: ?

[2021-03-01 15:52:40 #3 type] 
Type domain.Question is not enhanced.

[2021-03-01 15:52:40 #4 type] 
Type domain.Event is not enhanced.

[2021-03-01 15:52:40 #5 type] 
Type domain.User is not enhanced.

------------------------------------------------------------------------------------------------------------------------

[2021-03-01 15:54:29 #1 store] 
Database 'C:\Users\Barbara\git\Bet_Ruin\Bets\bets.temp' is opened by 9504@DESKTOP-VOIUGT4

[2021-03-01 15:54:29 #2 store] 
Configuration path: ?

[2021-03-01 15:54:29 #3 type] 
Type domain.Question is not enhanced.

[2021-03-01 15:54:29 #4 type] 
Type domain.Event is not enhanced.

[2021-03-01 15:54:29 #5 type] 
Type domain.User is not enhanced.

------------------------------------------------------------------------------------------------------------------------

[2021-03-01 15:55:42 #1 store] 
Database 'C:\Users\Barbara\git\Bet_Ruin\Bets\bets.temp' is opened by 14476@DESKTOP-VOIUGT4

[2021-03-01 15:55:42 #2 store] 
Configuration path: ?

[2021-03-01 15:55:42 #3 type] 
Type domain.Question is not enhanced.

[2021-03-01 15:55:42 #4 type] 
Type domain.Event is not enhanced.

[2021-03-01 15:55:42 #5 type] 
Type domain.User is not enhanced.

------------------------------------------------------------------------------------------------------------------------

[2021-03-01 15:56:15 #1 store] 
Database 'C:\Users\Barbara\git\Bet_Ruin\Bets\bets.temp' is opened by 6084@DESKTOP-VOIUGT4

[2021-03-01 15:56:15 #2 store] 
Configuration path: ?

[2021-03-01 15:56:15 #3 type] 
Type domain.Question is not enhanced.

[2021-03-01 15:56:15 #4 type] 
Type domain.Event is not enhanced.

[2021-03-01 15:56:15 #5 type] 
Type domain.User is not enhanced.

------------------------------------------------------------------------------------------------------------------------

[2021-03-01 15:56:33 #1 store] 
Database 'C:\Users\Barbara\git\Bet_Ruin\Bets\bets.temp' is opened by 12428@DESKTOP-VOIUGT4

[2021-03-01 15:56:33 #2 store] 
Configuration path: ?

[2021-03-01 15:56:33 #3 type] 
Type domain.Question is not enhanced.

[2021-03-01 15:56:33 #4 type] 
Type domain.Event is not enhanced.

[2021-03-01 15:56:33 #5 type] 
Type domain.User is not enhanced.

------------------------------------------------------------------------------------------------------------------------

[2021-03-01 15:57:08 #1 store] 
Database 'C:\Users\Barbara\git\Bet_Ruin\Bets\bets.temp' is opened by 6392@DESKTOP-VOIUGT4

[2021-03-01 15:57:08 #2 store] 
Configuration path: ?

[2021-03-01 15:57:09 #3 type] 
Type domain.Question is not enhanced.

[2021-03-01 15:57:09 #4 type] 
Type domain.Event is not enhanced.

[2021-03-01 15:57:09 #5 type] 
Type domain.User is not enhanced.

------------------------------------------------------------------------------------------------------------------------

[2021-03-01 15:57:21 #1 store] 
Database 'C:\Users\Barbara\git\Bet_Ruin\Bets\bets.temp' is opened by 2012@DESKTOP-VOIUGT4

[2021-03-01 15:57:21 #2 store] 
Configuration path: ?

[2021-03-01 15:57:21 #3 type] 
Type domain.Question is not enhanced.

[2021-03-01 15:57:21 #4 type] 
Type domain.Event is not enhanced.

[2021-03-01 15:57:21 #5 type] 
Type domain.User is not enhanced.

------------------------------------------------------------------------------------------------------------------------

[2021-03-01 16:09:08 #1 store] 
Database 'C:\Users\Barbara\git\Bet_Ruin\Bets\bets.temp' is opened by 15032@DESKTOP-VOIUGT4

[2021-03-01 16:09:08 #2 store] 
Configuration path: ?

[2021-03-01 16:09:09 #3 type] 
Type domain.Question is not enhanced.

[2021-03-01 16:09:09 #4 type] 
Type domain.Event is not enhanced.

[2021-03-01 16:09:09 #5 type] 
Type domain.User is not enhanced.

------------------------------------------------------------------------------------------------------------------------

[2021-03-01 16:09:33 #1 store] 
Database 'C:\Users\Barbara\git\Bet_Ruin\Bets\bets.temp' is opened by 8428@DESKTOP-VOIUGT4

[2021-03-01 16:09:33 #2 store] 
Configuration path: ?

[2021-03-01 16:09:33 #3 type] 
Type domain.Question is not enhanced.

[2021-03-01 16:09:33 #4 type] 
Type domain.Event is not enhanced.

[2021-03-01 16:09:33 #5 type] 
Type domain.User is not enhanced.

------------------------------------------------------------------------------------------------------------------------

[2021-03-01 16:10:11 #1 store] 
Database 'C:\Users\Barbara\git\Bet_Ruin\Bets\bets.temp' is opened by 14360@DESKTOP-VOIUGT4

[2021-03-01 16:10:11 #2 store] 
Configuration path: ?

[2021-03-01 16:10:11 #3 type] 
Type domain.Question is not enhanced.

[2021-03-01 16:10:11 #4 type] 
Type domain.Event is not enhanced.

[2021-03-01 16:10:11 #5 type] 
Type domain.User is not enhanced.

------------------------------------------------------------------------------------------------------------------------

[2021-03-01 16:10:43 #1 store] 
Database 'C:\Users\Barbara\git\Bet_Ruin\Bets\bets.temp' is opened by 2068@DESKTOP-VOIUGT4

[2021-03-01 16:10:43 #2 store] 
Configuration path: ?

[2021-03-01 16:10:44 #3 type] 
Type domain.Question is not enhanced.

[2021-03-01 16:10:44 #4 type] 
Type domain.Event is not enhanced.

[2021-03-01 16:10:44 #5 type] 
Type domain.User is not enhanced.

------------------------------------------------------------------------------------------------------------------------

[2021-03-01 16:11:03 #1 store] 
Database 'C:\Users\Barbara\git\Bet_Ruin\Bets\bets.temp' is opened by 9148@DESKTOP-VOIUGT4

[2021-03-01 16:11:03 #2 store] 
Configuration path: ?

[2021-03-01 16:11:03 #3 type] 
Type domain.Question is not enhanced.

[2021-03-01 16:11:03 #4 type] 
Type domain.Event is not enhanced.

[2021-03-01 16:11:03 #5 type] 
Type domain.User is not enhanced.

------------------------------------------------------------------------------------------------------------------------

[2021-03-01 16:32:14 #1 store] 
Database 'C:\Users\Barbara\git\Bet_Ruin\Bets\bets.temp' is opened by 2820@DESKTOP-VOIUGT4

[2021-03-01 16:32:14 #2 store] 
Configuration path: ?

[2021-03-01 16:32:14 #3 type] 
Type domain.Question is not enhanced.

[2021-03-01 16:32:14 #4 type] 
Type domain.Event is not enhanced.

[2021-03-01 16:32:14 #5 type] 
Type domain.User is not enhanced.

------------------------------------------------------------------------------------------------------------------------

[2021-03-01 16:37:22 #1 store] 
Database 'C:\Users\Barbara\git\Bet_Ruin\Bets\bets.temp' is opened by 13008@DESKTOP-VOIUGT4

[2021-03-01 16:37:22 #2 store] 
Configuration path: ?

[2021-03-01 16:37:22 #3 type] 
Type domain.Question is not enhanced.

[2021-03-01 16:37:22 #4 type] 
Type domain.Event is not enhanced.

